2019-05-14 16:34:08,760 [INFO] from play.api.db.DefaultDBApi in play-dev-mode-akka.actor.default-dispatcher-4 - Database [default] initialized at jdbc:postgresql://localhost:5432/root?zeroDateTimeBehavior=convertToNull
2019-05-14 16:34:08,769 [INFO] from application in play-dev-mode-akka.actor.default-dispatcher-4 - Creating Pool for datasource 'default'
2019-05-14 16:34:09,295 [ERROR] from application in play-dev-mode-akka.actor.default-dispatcher-4 - 

! @7bp00am8n - Internal server error, for (GET) [/] ->
 
play.api.UnexpectedException: Unexpected exception[ProvisionException: Unable to provision, see the following errors:

1) Error injecting constructor, javax.persistence.PersistenceException: No Persistence provider for EntityManager named defaultPersistenceUnit
  at play.db.jpa.DefaultJPAApi$JPAApiProvider.<init>(DefaultJPAApi.java:61)
  at play.db.jpa.DefaultJPAApi$JPAApiProvider.class(DefaultJPAApi.java:46)
  while locating play.db.jpa.DefaultJPAApi$JPAApiProvider
  while locating play.db.jpa.JPAApi
    for the 1st parameter of storage.JPAClientRepository.<init>(JPAClientRepository.java:20)
  while locating storage.JPAClientRepository
  while locating storage.ClientRepository
    for the 2nd parameter of controllers.ClientController.<init>(ClientController.java:24)
  while locating controllers.ClientController
    for the 4th parameter of router.Routes.<init>(Routes.scala:34)
  while locating router.Routes
  while locating play.api.inject.RoutesProvider
  while locating play.api.routing.Router
    for the 3rd parameter of play.api.http.JavaCompatibleHttpRequestHandler.<init>(HttpRequestHandler.scala:305)
  while locating play.api.http.JavaCompatibleHttpRequestHandler
  while locating play.api.http.HttpRequestHandler
    for the 6th parameter of play.api.DefaultApplication.<init>(Application.scala:253)
  at play.api.DefaultApplication.class(Application.scala:252)
  while locating play.api.DefaultApplication
  while locating play.api.Application

1 error]
	at play.core.server.DevServerStart$$anon$1.reload(DevServerStart.scala:214)
	at play.core.server.DevServerStart$$anon$1.get(DevServerStart.scala:144)
	at play.core.server.AkkaHttpServer.handleRequest(AkkaHttpServer.scala:304)
	at play.core.server.AkkaHttpServer.$anonfun$createServerBinding$1(AkkaHttpServer.scala:189)
	at akka.stream.impl.fusing.MapAsync$$anon$30.onPush(Ops.scala:1262)
	at akka.stream.impl.fusing.GraphInterpreter.processPush(GraphInterpreter.scala:523)
	at akka.stream.impl.fusing.GraphInterpreter.execute(GraphInterpreter.scala:409)
	at akka.stream.impl.fusing.GraphInterpreterShell.runBatch(ActorGraphInterpreter.scala:599)
	at akka.stream.impl.fusing.GraphInterpreterShell$AsyncInput.execute(ActorGraphInterpreter.scala:480)
	at akka.stream.impl.fusing.GraphInterpreterShell.processEvent(ActorGraphInterpreter.scala:574)
	at akka.stream.impl.fusing.ActorGraphInterpreter.akka$stream$impl$fusing$ActorGraphInterpreter$$processEvent(ActorGraphInterpreter.scala:742)
	at akka.stream.impl.fusing.ActorGraphInterpreter$$anonfun$receive$1.applyOrElse(ActorGraphInterpreter.scala:757)
	at akka.actor.Actor.aroundReceive(Actor.scala:539)
	at akka.actor.Actor.aroundReceive$(Actor.scala:537)
	at akka.stream.impl.fusing.ActorGraphInterpreter.aroundReceive(ActorGraphInterpreter.scala:664)
	at akka.actor.ActorCell.receiveMessage(ActorCell.scala:610)
	at akka.actor.ActorCell.invoke(ActorCell.scala:579)
	at akka.dispatch.Mailbox.processMailbox(Mailbox.scala:268)
	at akka.dispatch.Mailbox.run(Mailbox.scala:229)
	at akka.dispatch.Mailbox.exec(Mailbox.scala:241)
	at akka.dispatch.forkjoin.ForkJoinTask.doExec(ForkJoinTask.java:260)
	at akka.dispatch.forkjoin.ForkJoinPool$WorkQueue.runTask(ForkJoinPool.java:1339)
	at akka.dispatch.forkjoin.ForkJoinPool.runWorker(ForkJoinPool.java:1979)
	at akka.dispatch.forkjoin.ForkJoinWorkerThread.run(ForkJoinWorkerThread.java:107)
Caused by: com.google.inject.ProvisionException: Unable to provision, see the following errors:

1) Error injecting constructor, javax.persistence.PersistenceException: No Persistence provider for EntityManager named defaultPersistenceUnit
  at play.db.jpa.DefaultJPAApi$JPAApiProvider.<init>(DefaultJPAApi.java:61)
  at play.db.jpa.DefaultJPAApi$JPAApiProvider.class(DefaultJPAApi.java:46)
  while locating play.db.jpa.DefaultJPAApi$JPAApiProvider
  while locating play.db.jpa.JPAApi
    for the 1st parameter of storage.JPAClientRepository.<init>(JPAClientRepository.java:20)
  while locating storage.JPAClientRepository
  while locating storage.ClientRepository
    for the 2nd parameter of controllers.ClientController.<init>(ClientController.java:24)
  while locating controllers.ClientController
    for the 4th parameter of router.Routes.<init>(Routes.scala:34)
  while locating router.Routes
  while locating play.api.inject.RoutesProvider
  while locating play.api.routing.Router
    for the 3rd parameter of play.api.http.JavaCompatibleHttpRequestHandler.<init>(HttpRequestHandler.scala:305)
  while locating play.api.http.JavaCompatibleHttpRequestHandler
  while locating play.api.http.HttpRequestHandler
    for the 6th parameter of play.api.DefaultApplication.<init>(Application.scala:253)
  at play.api.DefaultApplication.class(Application.scala:252)
  while locating play.api.DefaultApplication
  while locating play.api.Application

1 error
	at com.google.inject.internal.InternalProvisionException.toProvisionException(InternalProvisionException.java:226)
	at com.google.inject.internal.InjectorImpl$1.get(InjectorImpl.java:1053)
	at com.google.inject.internal.InjectorImpl.getInstance(InjectorImpl.java:1086)
	at play.api.inject.guice.GuiceInjector.instanceOf(GuiceInjectorBuilder.scala:443)
	at play.api.inject.guice.GuiceInjector.instanceOf(GuiceInjectorBuilder.scala:438)
	at play.api.inject.ContextClassLoaderInjector.$anonfun$instanceOf$2(Injector.scala:119)
	at play.api.inject.ContextClassLoaderInjector.withContext(Injector.scala:128)
	at play.api.inject.ContextClassLoaderInjector.instanceOf(Injector.scala:119)
	at play.api.inject.guice.GuiceApplicationBuilder.build(GuiceApplicationBuilder.scala:156)
	at play.api.inject.guice.GuiceApplicationLoader.load(GuiceApplicationLoader.scala:22)
	at play.core.server.DevServerStart$$anon$1.$anonfun$reload$3(DevServerStart.scala:193)
	at play.utils.Threads$.withContextClassLoader(Threads.scala:22)
	at play.core.server.DevServerStart$$anon$1.reload(DevServerStart.scala:185)
	... 23 common frames omitted
Caused by: javax.persistence.PersistenceException: No Persistence provider for EntityManager named defaultPersistenceUnit
	at javax.persistence.Persistence.createEntityManagerFactory(Persistence.java:61)
	at javax.persistence.Persistence.createEntityManagerFactory(Persistence.java:39)
	at play.db.jpa.DefaultJPAApi.lambda$start$0(DefaultJPAApi.java:94)
	at java.base/java.lang.Iterable.forEach(Iterable.java:75)
	at play.db.jpa.DefaultJPAApi.start(DefaultJPAApi.java:90)
	at play.db.jpa.DefaultJPAApi$JPAApiProvider.<init>(DefaultJPAApi.java:72)
	at play.db.jpa.DefaultJPAApi$JPAApiProvider$$FastClassByGuice$$dcd4cdbd.newInstance(<generated>)
	at com.google.inject.internal.DefaultConstructionProxyFactory$FastClassProxy.newInstance(DefaultConstructionProxyFactory.java:89)
	at com.google.inject.internal.ConstructorInjector.provision(ConstructorInjector.java:114)
	at com.google.inject.internal.ConstructorInjector.construct(ConstructorInjector.java:91)
	at com.google.inject.internal.ConstructorBindingImpl$Factory.get(ConstructorBindingImpl.java:306)
	at com.google.inject.internal.ProviderToInternalFactoryAdapter.get(ProviderToInternalFactoryAdapter.java:40)
	at com.google.inject.internal.SingletonScope$1.get(SingletonScope.java:168)
	at com.google.inject.internal.InternalFactoryToProviderAdapter.get(InternalFactoryToProviderAdapter.java:39)
	at com.google.inject.internal.BoundProviderFactory.get(BoundProviderFactory.java:60)
	at com.google.inject.internal.SingleParameterInjector.inject(SingleParameterInjector.java:42)
	at com.google.inject.internal.SingleParameterInjector.getAll(SingleParameterInjector.java:65)
	at com.google.inject.internal.ConstructorInjector.provision(ConstructorInjector.java:113)
	at com.google.inject.internal.ConstructorInjector.construct(ConstructorInjector.java:91)
	at com.google.inject.internal.ConstructorBindingImpl$Factory.get(ConstructorBindingImpl.java:306)
	at com.google.inject.internal.FactoryProxy.get(FactoryProxy.java:62)
	at com.google.inject.internal.SingleParameterInjector.inject(SingleParameterInjector.java:42)
	at com.google.inject.internal.SingleParameterInjector.getAll(SingleParameterInjector.java:65)
	at com.google.inject.internal.ConstructorInjector.provision(ConstructorInjector.java:113)
	at com.google.inject.internal.ConstructorInjector.construct(ConstructorInjector.java:91)
	at com.google.inject.internal.ConstructorBindingImpl$Factory.get(ConstructorBindingImpl.java:306)
	at com.google.inject.internal.SingleParameterInjector.inject(SingleParameterInjector.java:42)
	at com.google.inject.internal.SingleParameterInjector.getAll(SingleParameterInjector.java:65)
	at com.google.inject.internal.ConstructorInjector.provision(ConstructorInjector.java:113)
	at com.google.inject.internal.ConstructorInjector.construct(ConstructorInjector.java:91)
	at com.google.inject.internal.ConstructorBindingImpl$Factory.get(ConstructorBindingImpl.java:306)
	at com.google.inject.internal.InjectorImpl$1.get(InjectorImpl.java:1050)
	at com.google.inject.internal.InjectorImpl.getInstance(InjectorImpl.java:1086)
	at play.api.inject.guice.GuiceInjector.instanceOf(GuiceInjectorBuilder.scala:443)
	at play.api.inject.ContextClassLoaderInjector.$anonfun$instanceOf$3(Injector.scala:120)
	at play.api.inject.ContextClassLoaderInjector.withContext(Injector.scala:128)
	at play.api.inject.ContextClassLoaderInjector.instanceOf(Injector.scala:120)
	at play.api.inject.RoutesProvider.$anonfun$get$2(BuiltinModule.scala:116)
	at scala.Option.fold(Option.scala:175)
	at play.api.inject.RoutesProvider.get$lzycompute(BuiltinModule.scala:116)
	at play.api.inject.RoutesProvider.get(BuiltinModule.scala:111)
	at play.api.inject.RoutesProvider.get(BuiltinModule.scala:105)
	at com.google.inject.internal.ProviderInternalFactory.provision(ProviderInternalFactory.java:85)
	at com.google.inject.internal.BoundProviderFactory.provision(BoundProviderFactory.java:77)
	at com.google.inject.internal.ProviderInternalFactory.circularGet(ProviderInternalFactory.java:59)
	at com.google.inject.internal.BoundProviderFactory.get(BoundProviderFactory.java:61)
	at com.google.inject.internal.SingleParameterInjector.inject(SingleParameterInjector.java:42)
	at com.google.inject.internal.SingleParameterInjector.getAll(SingleParameterInjector.java:65)
	at com.google.inject.internal.ConstructorInjector.provision(ConstructorInjector.java:113)
	at com.google.inject.internal.ConstructorInjector.construct(ConstructorInjector.java:91)
	at com.google.inject.internal.ConstructorBindingImpl$Factory.get(ConstructorBindingImpl.java:306)
	at com.google.inject.internal.FactoryProxy.get(FactoryProxy.java:62)
	at com.google.inject.internal.SingleParameterInjector.inject(SingleParameterInjector.java:42)
	at com.google.inject.internal.SingleParameterInjector.getAll(SingleParameterInjector.java:65)
	at com.google.inject.internal.ConstructorInjector.provision(ConstructorInjector.java:113)
	at com.google.inject.internal.ConstructorInjector.construct(ConstructorInjector.java:91)
	at com.google.inject.internal.ConstructorBindingImpl$Factory.get(ConstructorBindingImpl.java:306)
	at com.google.inject.internal.ProviderToInternalFactoryAdapter.get(ProviderToInternalFactoryAdapter.java:40)
	at com.google.inject.internal.SingletonScope$1.get(SingletonScope.java:168)
	at com.google.inject.internal.InternalFactoryToProviderAdapter.get(InternalFactoryToProviderAdapter.java:39)
	at com.google.inject.internal.FactoryProxy.get(FactoryProxy.java:62)
	at com.google.inject.internal.InjectorImpl$1.get(InjectorImpl.java:1050)
	... 34 common frames omitted
2019-05-14 16:34:58,234 [INFO] from application in play-dev-mode-akka.actor.default-dispatcher-3 - Shutting down connection pool.
2019-05-14 16:34:58,405 [INFO] from play.api.db.DefaultDBApi in play-dev-mode-akka.actor.default-dispatcher-3 - Database [default] initialized at jdbc:postgresql://localhost:5432/root?zeroDateTimeBehavior=convertToNull
2019-05-14 16:34:58,406 [INFO] from application in play-dev-mode-akka.actor.default-dispatcher-3 - Creating Pool for datasource 'default'
2019-05-14 16:34:58,437 [INFO] from play.api.db.HikariCPConnectionPool in play-dev-mode-akka.actor.default-dispatcher-3 - datasource [default] bound to JNDI as DefaultDS
2019-05-14 16:34:58,469 [ERROR] from application in play-dev-mode-akka.actor.default-dispatcher-3 - 

! @7bp00dh4g - Internal server error, for (GET) [/] ->
 
play.api.UnexpectedException: Unexpected exception[ProvisionException: Unable to provision, see the following errors:

1) Error injecting constructor, javax.persistence.PersistenceException: No Persistence provider for EntityManager named defaultPersistenceUnit
  at play.db.jpa.DefaultJPAApi$JPAApiProvider.<init>(DefaultJPAApi.java:61)
  at play.db.jpa.DefaultJPAApi$JPAApiProvider.class(DefaultJPAApi.java:46)
  while locating play.db.jpa.DefaultJPAApi$JPAApiProvider
  while locating play.db.jpa.JPAApi
    for the 1st parameter of storage.JPAClientRepository.<init>(JPAClientRepository.java:20)
  while locating storage.JPAClientRepository
  while locating storage.ClientRepository
    for the 2nd parameter of controllers.ClientController.<init>(ClientController.java:24)
  while locating controllers.ClientController
    for the 4th parameter of router.Routes.<init>(Routes.scala:34)
  while locating router.Routes
  while locating play.api.inject.RoutesProvider
  while locating play.api.routing.Router
    for the 3rd parameter of play.api.http.JavaCompatibleHttpRequestHandler.<init>(HttpRequestHandler.scala:305)
  while locating play.api.http.JavaCompatibleHttpRequestHandler
  while locating play.api.http.HttpRequestHandler
    for the 6th parameter of play.api.DefaultApplication.<init>(Application.scala:253)
  at play.api.DefaultApplication.class(Application.scala:252)
  while locating play.api.DefaultApplication
  while locating play.api.Application

1 error]
	at play.core.server.DevServerStart$$anon$1.reload(DevServerStart.scala:214)
	at play.core.server.DevServerStart$$anon$1.get(DevServerStart.scala:144)
	at play.core.server.AkkaHttpServer.handleRequest(AkkaHttpServer.scala:304)
	at play.core.server.AkkaHttpServer.$anonfun$createServerBinding$1(AkkaHttpServer.scala:189)
	at akka.stream.impl.fusing.MapAsync$$anon$30.onPush(Ops.scala:1262)
	at akka.stream.impl.fusing.GraphInterpreter.processPush(GraphInterpreter.scala:523)
	at akka.stream.impl.fusing.GraphInterpreter.execute(GraphInterpreter.scala:409)
	at akka.stream.impl.fusing.GraphInterpreterShell.runBatch(ActorGraphInterpreter.scala:599)
	at akka.stream.impl.fusing.GraphInterpreterShell$AsyncInput.execute(ActorGraphInterpreter.scala:480)
	at akka.stream.impl.fusing.GraphInterpreterShell.processEvent(ActorGraphInterpreter.scala:574)
	at akka.stream.impl.fusing.ActorGraphInterpreter.akka$stream$impl$fusing$ActorGraphInterpreter$$processEvent(ActorGraphInterpreter.scala:742)
	at akka.stream.impl.fusing.ActorGraphInterpreter$$anonfun$receive$1.applyOrElse(ActorGraphInterpreter.scala:757)
	at akka.actor.Actor.aroundReceive(Actor.scala:539)
	at akka.actor.Actor.aroundReceive$(Actor.scala:537)
	at akka.stream.impl.fusing.ActorGraphInterpreter.aroundReceive(ActorGraphInterpreter.scala:664)
	at akka.actor.ActorCell.receiveMessage(ActorCell.scala:610)
	at akka.actor.ActorCell.invoke(ActorCell.scala:579)
	at akka.dispatch.Mailbox.processMailbox(Mailbox.scala:268)
	at akka.dispatch.Mailbox.run(Mailbox.scala:229)
	at akka.dispatch.Mailbox.exec(Mailbox.scala:241)
	at akka.dispatch.forkjoin.ForkJoinTask.doExec(ForkJoinTask.java:260)
	at akka.dispatch.forkjoin.ForkJoinPool$WorkQueue.runTask(ForkJoinPool.java:1339)
	at akka.dispatch.forkjoin.ForkJoinPool.runWorker(ForkJoinPool.java:1979)
	at akka.dispatch.forkjoin.ForkJoinWorkerThread.run(ForkJoinWorkerThread.java:107)
Caused by: com.google.inject.ProvisionException: Unable to provision, see the following errors:

1) Error injecting constructor, javax.persistence.PersistenceException: No Persistence provider for EntityManager named defaultPersistenceUnit
  at play.db.jpa.DefaultJPAApi$JPAApiProvider.<init>(DefaultJPAApi.java:61)
  at play.db.jpa.DefaultJPAApi$JPAApiProvider.class(DefaultJPAApi.java:46)
  while locating play.db.jpa.DefaultJPAApi$JPAApiProvider
  while locating play.db.jpa.JPAApi
    for the 1st parameter of storage.JPAClientRepository.<init>(JPAClientRepository.java:20)
  while locating storage.JPAClientRepository
  while locating storage.ClientRepository
    for the 2nd parameter of controllers.ClientController.<init>(ClientController.java:24)
  while locating controllers.ClientController
    for the 4th parameter of router.Routes.<init>(Routes.scala:34)
  while locating router.Routes
  while locating play.api.inject.RoutesProvider
  while locating play.api.routing.Router
    for the 3rd parameter of play.api.http.JavaCompatibleHttpRequestHandler.<init>(HttpRequestHandler.scala:305)
  while locating play.api.http.JavaCompatibleHttpRequestHandler
  while locating play.api.http.HttpRequestHandler
    for the 6th parameter of play.api.DefaultApplication.<init>(Application.scala:253)
  at play.api.DefaultApplication.class(Application.scala:252)
  while locating play.api.DefaultApplication
  while locating play.api.Application

1 error
	at com.google.inject.internal.InternalProvisionException.toProvisionException(InternalProvisionException.java:226)
	at com.google.inject.internal.InjectorImpl$1.get(InjectorImpl.java:1053)
	at com.google.inject.internal.InjectorImpl.getInstance(InjectorImpl.java:1086)
	at play.api.inject.guice.GuiceInjector.instanceOf(GuiceInjectorBuilder.scala:443)
	at play.api.inject.guice.GuiceInjector.instanceOf(GuiceInjectorBuilder.scala:438)
	at play.api.inject.ContextClassLoaderInjector.$anonfun$instanceOf$2(Injector.scala:119)
	at play.api.inject.ContextClassLoaderInjector.withContext(Injector.scala:128)
	at play.api.inject.ContextClassLoaderInjector.instanceOf(Injector.scala:119)
	at play.api.inject.guice.GuiceApplicationBuilder.build(GuiceApplicationBuilder.scala:156)
	at play.api.inject.guice.GuiceApplicationLoader.load(GuiceApplicationLoader.scala:22)
	at play.core.server.DevServerStart$$anon$1.$anonfun$reload$3(DevServerStart.scala:193)
	at play.utils.Threads$.withContextClassLoader(Threads.scala:22)
	at play.core.server.DevServerStart$$anon$1.reload(DevServerStart.scala:185)
	... 23 common frames omitted
Caused by: javax.persistence.PersistenceException: No Persistence provider for EntityManager named defaultPersistenceUnit
	at javax.persistence.Persistence.createEntityManagerFactory(Persistence.java:61)
	at javax.persistence.Persistence.createEntityManagerFactory(Persistence.java:39)
	at play.db.jpa.DefaultJPAApi.lambda$start$0(DefaultJPAApi.java:94)
	at java.base/java.lang.Iterable.forEach(Iterable.java:75)
	at play.db.jpa.DefaultJPAApi.start(DefaultJPAApi.java:90)
	at play.db.jpa.DefaultJPAApi$JPAApiProvider.<init>(DefaultJPAApi.java:72)
	at play.db.jpa.DefaultJPAApi$JPAApiProvider$$FastClassByGuice$$dcd4cdbd.newInstance(<generated>)
	at com.google.inject.internal.DefaultConstructionProxyFactory$FastClassProxy.newInstance(DefaultConstructionProxyFactory.java:89)
	at com.google.inject.internal.ConstructorInjector.provision(ConstructorInjector.java:114)
	at com.google.inject.internal.ConstructorInjector.construct(ConstructorInjector.java:91)
	at com.google.inject.internal.ConstructorBindingImpl$Factory.get(ConstructorBindingImpl.java:306)
	at com.google.inject.internal.ProviderToInternalFactoryAdapter.get(ProviderToInternalFactoryAdapter.java:40)
	at com.google.inject.internal.SingletonScope$1.get(SingletonScope.java:168)
	at com.google.inject.internal.InternalFactoryToProviderAdapter.get(InternalFactoryToProviderAdapter.java:39)
	at com.google.inject.internal.BoundProviderFactory.get(BoundProviderFactory.java:60)
	at com.google.inject.internal.SingleParameterInjector.inject(SingleParameterInjector.java:42)
	at com.google.inject.internal.SingleParameterInjector.getAll(SingleParameterInjector.java:65)
	at com.google.inject.internal.ConstructorInjector.provision(ConstructorInjector.java:113)
	at com.google.inject.internal.ConstructorInjector.construct(ConstructorInjector.java:91)
	at com.google.inject.internal.ConstructorBindingImpl$Factory.get(ConstructorBindingImpl.java:306)
	at com.google.inject.internal.FactoryProxy.get(FactoryProxy.java:62)
	at com.google.inject.internal.SingleParameterInjector.inject(SingleParameterInjector.java:42)
	at com.google.inject.internal.SingleParameterInjector.getAll(SingleParameterInjector.java:65)
	at com.google.inject.internal.ConstructorInjector.provision(ConstructorInjector.java:113)
	at com.google.inject.internal.ConstructorInjector.construct(ConstructorInjector.java:91)
	at com.google.inject.internal.ConstructorBindingImpl$Factory.get(ConstructorBindingImpl.java:306)
	at com.google.inject.internal.SingleParameterInjector.inject(SingleParameterInjector.java:42)
	at com.google.inject.internal.SingleParameterInjector.getAll(SingleParameterInjector.java:65)
	at com.google.inject.internal.ConstructorInjector.provision(ConstructorInjector.java:113)
	at com.google.inject.internal.ConstructorInjector.construct(ConstructorInjector.java:91)
	at com.google.inject.internal.ConstructorBindingImpl$Factory.get(ConstructorBindingImpl.java:306)
	at com.google.inject.internal.InjectorImpl$1.get(InjectorImpl.java:1050)
	at com.google.inject.internal.InjectorImpl.getInstance(InjectorImpl.java:1086)
	at play.api.inject.guice.GuiceInjector.instanceOf(GuiceInjectorBuilder.scala:443)
	at play.api.inject.ContextClassLoaderInjector.$anonfun$instanceOf$3(Injector.scala:120)
	at play.api.inject.ContextClassLoaderInjector.withContext(Injector.scala:128)
	at play.api.inject.ContextClassLoaderInjector.instanceOf(Injector.scala:120)
	at play.api.inject.RoutesProvider.$anonfun$get$2(BuiltinModule.scala:116)
	at scala.Option.fold(Option.scala:175)
	at play.api.inject.RoutesProvider.get$lzycompute(BuiltinModule.scala:116)
	at play.api.inject.RoutesProvider.get(BuiltinModule.scala:111)
	at play.api.inject.RoutesProvider.get(BuiltinModule.scala:105)
	at com.google.inject.internal.ProviderInternalFactory.provision(ProviderInternalFactory.java:85)
	at com.google.inject.internal.BoundProviderFactory.provision(BoundProviderFactory.java:77)
	at com.google.inject.internal.ProviderInternalFactory.circularGet(ProviderInternalFactory.java:59)
	at com.google.inject.internal.BoundProviderFactory.get(BoundProviderFactory.java:61)
	at com.google.inject.internal.SingleParameterInjector.inject(SingleParameterInjector.java:42)
	at com.google.inject.internal.SingleParameterInjector.getAll(SingleParameterInjector.java:65)
	at com.google.inject.internal.ConstructorInjector.provision(ConstructorInjector.java:113)
	at com.google.inject.internal.ConstructorInjector.construct(ConstructorInjector.java:91)
	at com.google.inject.internal.ConstructorBindingImpl$Factory.get(ConstructorBindingImpl.java:306)
	at com.google.inject.internal.FactoryProxy.get(FactoryProxy.java:62)
	at com.google.inject.internal.SingleParameterInjector.inject(SingleParameterInjector.java:42)
	at com.google.inject.internal.SingleParameterInjector.getAll(SingleParameterInjector.java:65)
	at com.google.inject.internal.ConstructorInjector.provision(ConstructorInjector.java:113)
	at com.google.inject.internal.ConstructorInjector.construct(ConstructorInjector.java:91)
	at com.google.inject.internal.ConstructorBindingImpl$Factory.get(ConstructorBindingImpl.java:306)
	at com.google.inject.internal.ProviderToInternalFactoryAdapter.get(ProviderToInternalFactoryAdapter.java:40)
	at com.google.inject.internal.SingletonScope$1.get(SingletonScope.java:168)
	at com.google.inject.internal.InternalFactoryToProviderAdapter.get(InternalFactoryToProviderAdapter.java:39)
	at com.google.inject.internal.FactoryProxy.get(FactoryProxy.java:62)
	at com.google.inject.internal.InjectorImpl$1.get(InjectorImpl.java:1050)
	... 34 common frames omitted
2019-05-14 16:35:31,283 [INFO] from application in play-dev-mode-akka.actor.default-dispatcher-3 - Shutting down connection pool.
2019-05-14 16:35:31,412 [INFO] from play.api.db.DefaultDBApi in play-dev-mode-akka.actor.default-dispatcher-3 - Database [default] initialized at jdbc:postgresql://localhost:5432/root?zeroDateTimeBehavior=convertToNull
2019-05-14 16:35:31,412 [INFO] from application in play-dev-mode-akka.actor.default-dispatcher-3 - Creating Pool for datasource 'default'
2019-05-14 16:35:31,414 [INFO] from play.api.db.HikariCPConnectionPool in play-dev-mode-akka.actor.default-dispatcher-3 - datasource [default] bound to JNDI as DefaultDS
2019-05-14 16:35:31,444 [ERROR] from application in play-dev-mode-akka.actor.default-dispatcher-3 - 

! @7bp00fdon - Internal server error, for (GET) [/] ->
 
play.api.UnexpectedException: Unexpected exception[ProvisionException: Unable to provision, see the following errors:

1) Error injecting constructor, javax.persistence.PersistenceException: No Persistence provider for EntityManager named DefaultDS
  at play.db.jpa.DefaultJPAApi$JPAApiProvider.<init>(DefaultJPAApi.java:61)
  at play.db.jpa.DefaultJPAApi$JPAApiProvider.class(DefaultJPAApi.java:46)
  while locating play.db.jpa.DefaultJPAApi$JPAApiProvider
  while locating play.db.jpa.JPAApi
    for the 1st parameter of storage.JPAClientRepository.<init>(JPAClientRepository.java:20)
  while locating storage.JPAClientRepository
  while locating storage.ClientRepository
    for the 2nd parameter of controllers.ClientController.<init>(ClientController.java:24)
  while locating controllers.ClientController
    for the 4th parameter of router.Routes.<init>(Routes.scala:34)
  while locating router.Routes
  while locating play.api.inject.RoutesProvider
  while locating play.api.routing.Router
    for the 3rd parameter of play.api.http.JavaCompatibleHttpRequestHandler.<init>(HttpRequestHandler.scala:305)
  while locating play.api.http.JavaCompatibleHttpRequestHandler
  while locating play.api.http.HttpRequestHandler
    for the 6th parameter of play.api.DefaultApplication.<init>(Application.scala:253)
  at play.api.DefaultApplication.class(Application.scala:252)
  while locating play.api.DefaultApplication
  while locating play.api.Application

1 error]
	at play.core.server.DevServerStart$$anon$1.reload(DevServerStart.scala:214)
	at play.core.server.DevServerStart$$anon$1.get(DevServerStart.scala:144)
	at play.core.server.AkkaHttpServer.handleRequest(AkkaHttpServer.scala:304)
	at play.core.server.AkkaHttpServer.$anonfun$createServerBinding$1(AkkaHttpServer.scala:189)
	at akka.stream.impl.fusing.MapAsync$$anon$30.onPush(Ops.scala:1262)
	at akka.stream.impl.fusing.GraphInterpreter.processPush(GraphInterpreter.scala:523)
	at akka.stream.impl.fusing.GraphInterpreter.execute(GraphInterpreter.scala:409)
	at akka.stream.impl.fusing.GraphInterpreterShell.runBatch(ActorGraphInterpreter.scala:599)
	at akka.stream.impl.fusing.GraphInterpreterShell$AsyncInput.execute(ActorGraphInterpreter.scala:480)
	at akka.stream.impl.fusing.GraphInterpreterShell.processEvent(ActorGraphInterpreter.scala:574)
	at akka.stream.impl.fusing.ActorGraphInterpreter.akka$stream$impl$fusing$ActorGraphInterpreter$$processEvent(ActorGraphInterpreter.scala:742)
	at akka.stream.impl.fusing.ActorGraphInterpreter$$anonfun$receive$1.applyOrElse(ActorGraphInterpreter.scala:757)
	at akka.actor.Actor.aroundReceive(Actor.scala:539)
	at akka.actor.Actor.aroundReceive$(Actor.scala:537)
	at akka.stream.impl.fusing.ActorGraphInterpreter.aroundReceive(ActorGraphInterpreter.scala:664)
	at akka.actor.ActorCell.receiveMessage(ActorCell.scala:610)
	at akka.actor.ActorCell.invoke(ActorCell.scala:579)
	at akka.dispatch.Mailbox.processMailbox(Mailbox.scala:268)
	at akka.dispatch.Mailbox.run(Mailbox.scala:229)
	at akka.dispatch.Mailbox.exec(Mailbox.scala:241)
	at akka.dispatch.forkjoin.ForkJoinTask.doExec(ForkJoinTask.java:260)
	at akka.dispatch.forkjoin.ForkJoinPool$WorkQueue.runTask(ForkJoinPool.java:1339)
	at akka.dispatch.forkjoin.ForkJoinPool.runWorker(ForkJoinPool.java:1979)
	at akka.dispatch.forkjoin.ForkJoinWorkerThread.run(ForkJoinWorkerThread.java:107)
Caused by: com.google.inject.ProvisionException: Unable to provision, see the following errors:

1) Error injecting constructor, javax.persistence.PersistenceException: No Persistence provider for EntityManager named DefaultDS
  at play.db.jpa.DefaultJPAApi$JPAApiProvider.<init>(DefaultJPAApi.java:61)
  at play.db.jpa.DefaultJPAApi$JPAApiProvider.class(DefaultJPAApi.java:46)
  while locating play.db.jpa.DefaultJPAApi$JPAApiProvider
  while locating play.db.jpa.JPAApi
    for the 1st parameter of storage.JPAClientRepository.<init>(JPAClientRepository.java:20)
  while locating storage.JPAClientRepository
  while locating storage.ClientRepository
    for the 2nd parameter of controllers.ClientController.<init>(ClientController.java:24)
  while locating controllers.ClientController
    for the 4th parameter of router.Routes.<init>(Routes.scala:34)
  while locating router.Routes
  while locating play.api.inject.RoutesProvider
  while locating play.api.routing.Router
    for the 3rd parameter of play.api.http.JavaCompatibleHttpRequestHandler.<init>(HttpRequestHandler.scala:305)
  while locating play.api.http.JavaCompatibleHttpRequestHandler
  while locating play.api.http.HttpRequestHandler
    for the 6th parameter of play.api.DefaultApplication.<init>(Application.scala:253)
  at play.api.DefaultApplication.class(Application.scala:252)
  while locating play.api.DefaultApplication
  while locating play.api.Application

1 error
	at com.google.inject.internal.InternalProvisionException.toProvisionException(InternalProvisionException.java:226)
	at com.google.inject.internal.InjectorImpl$1.get(InjectorImpl.java:1053)
	at com.google.inject.internal.InjectorImpl.getInstance(InjectorImpl.java:1086)
	at play.api.inject.guice.GuiceInjector.instanceOf(GuiceInjectorBuilder.scala:443)
	at play.api.inject.guice.GuiceInjector.instanceOf(GuiceInjectorBuilder.scala:438)
	at play.api.inject.ContextClassLoaderInjector.$anonfun$instanceOf$2(Injector.scala:119)
	at play.api.inject.ContextClassLoaderInjector.withContext(Injector.scala:128)
	at play.api.inject.ContextClassLoaderInjector.instanceOf(Injector.scala:119)
	at play.api.inject.guice.GuiceApplicationBuilder.build(GuiceApplicationBuilder.scala:156)
	at play.api.inject.guice.GuiceApplicationLoader.load(GuiceApplicationLoader.scala:22)
	at play.core.server.DevServerStart$$anon$1.$anonfun$reload$3(DevServerStart.scala:193)
	at play.utils.Threads$.withContextClassLoader(Threads.scala:22)
	at play.core.server.DevServerStart$$anon$1.reload(DevServerStart.scala:185)
	... 23 common frames omitted
Caused by: javax.persistence.PersistenceException: No Persistence provider for EntityManager named DefaultDS
	at javax.persistence.Persistence.createEntityManagerFactory(Persistence.java:61)
	at javax.persistence.Persistence.createEntityManagerFactory(Persistence.java:39)
	at play.db.jpa.DefaultJPAApi.lambda$start$0(DefaultJPAApi.java:94)
	at java.base/java.lang.Iterable.forEach(Iterable.java:75)
	at play.db.jpa.DefaultJPAApi.start(DefaultJPAApi.java:90)
	at play.db.jpa.DefaultJPAApi$JPAApiProvider.<init>(DefaultJPAApi.java:72)
	at play.db.jpa.DefaultJPAApi$JPAApiProvider$$FastClassByGuice$$dcd4cdbd.newInstance(<generated>)
	at com.google.inject.internal.DefaultConstructionProxyFactory$FastClassProxy.newInstance(DefaultConstructionProxyFactory.java:89)
	at com.google.inject.internal.ConstructorInjector.provision(ConstructorInjector.java:114)
	at com.google.inject.internal.ConstructorInjector.construct(ConstructorInjector.java:91)
	at com.google.inject.internal.ConstructorBindingImpl$Factory.get(ConstructorBindingImpl.java:306)
	at com.google.inject.internal.ProviderToInternalFactoryAdapter.get(ProviderToInternalFactoryAdapter.java:40)
	at com.google.inject.internal.SingletonScope$1.get(SingletonScope.java:168)
	at com.google.inject.internal.InternalFactoryToProviderAdapter.get(InternalFactoryToProviderAdapter.java:39)
	at com.google.inject.internal.BoundProviderFactory.get(BoundProviderFactory.java:60)
	at com.google.inject.internal.SingleParameterInjector.inject(SingleParameterInjector.java:42)
	at com.google.inject.internal.SingleParameterInjector.getAll(SingleParameterInjector.java:65)
	at com.google.inject.internal.ConstructorInjector.provision(ConstructorInjector.java:113)
	at com.google.inject.internal.ConstructorInjector.construct(ConstructorInjector.java:91)
	at com.google.inject.internal.ConstructorBindingImpl$Factory.get(ConstructorBindingImpl.java:306)
	at com.google.inject.internal.FactoryProxy.get(FactoryProxy.java:62)
	at com.google.inject.internal.SingleParameterInjector.inject(SingleParameterInjector.java:42)
	at com.google.inject.internal.SingleParameterInjector.getAll(SingleParameterInjector.java:65)
	at com.google.inject.internal.ConstructorInjector.provision(ConstructorInjector.java:113)
	at com.google.inject.internal.ConstructorInjector.construct(ConstructorInjector.java:91)
	at com.google.inject.internal.ConstructorBindingImpl$Factory.get(ConstructorBindingImpl.java:306)
	at com.google.inject.internal.SingleParameterInjector.inject(SingleParameterInjector.java:42)
	at com.google.inject.internal.SingleParameterInjector.getAll(SingleParameterInjector.java:65)
	at com.google.inject.internal.ConstructorInjector.provision(ConstructorInjector.java:113)
	at com.google.inject.internal.ConstructorInjector.construct(ConstructorInjector.java:91)
	at com.google.inject.internal.ConstructorBindingImpl$Factory.get(ConstructorBindingImpl.java:306)
	at com.google.inject.internal.InjectorImpl$1.get(InjectorImpl.java:1050)
	at com.google.inject.internal.InjectorImpl.getInstance(InjectorImpl.java:1086)
	at play.api.inject.guice.GuiceInjector.instanceOf(GuiceInjectorBuilder.scala:443)
	at play.api.inject.ContextClassLoaderInjector.$anonfun$instanceOf$3(Injector.scala:120)
	at play.api.inject.ContextClassLoaderInjector.withContext(Injector.scala:128)
	at play.api.inject.ContextClassLoaderInjector.instanceOf(Injector.scala:120)
	at play.api.inject.RoutesProvider.$anonfun$get$2(BuiltinModule.scala:116)
	at scala.Option.fold(Option.scala:175)
	at play.api.inject.RoutesProvider.get$lzycompute(BuiltinModule.scala:116)
	at play.api.inject.RoutesProvider.get(BuiltinModule.scala:111)
	at play.api.inject.RoutesProvider.get(BuiltinModule.scala:105)
	at com.google.inject.internal.ProviderInternalFactory.provision(ProviderInternalFactory.java:85)
	at com.google.inject.internal.BoundProviderFactory.provision(BoundProviderFactory.java:77)
	at com.google.inject.internal.ProviderInternalFactory.circularGet(ProviderInternalFactory.java:59)
	at com.google.inject.internal.BoundProviderFactory.get(BoundProviderFactory.java:61)
	at com.google.inject.internal.SingleParameterInjector.inject(SingleParameterInjector.java:42)
	at com.google.inject.internal.SingleParameterInjector.getAll(SingleParameterInjector.java:65)
	at com.google.inject.internal.ConstructorInjector.provision(ConstructorInjector.java:113)
	at com.google.inject.internal.ConstructorInjector.construct(ConstructorInjector.java:91)
	at com.google.inject.internal.ConstructorBindingImpl$Factory.get(ConstructorBindingImpl.java:306)
	at com.google.inject.internal.FactoryProxy.get(FactoryProxy.java:62)
	at com.google.inject.internal.SingleParameterInjector.inject(SingleParameterInjector.java:42)
	at com.google.inject.internal.SingleParameterInjector.getAll(SingleParameterInjector.java:65)
	at com.google.inject.internal.ConstructorInjector.provision(ConstructorInjector.java:113)
	at com.google.inject.internal.ConstructorInjector.construct(ConstructorInjector.java:91)
	at com.google.inject.internal.ConstructorBindingImpl$Factory.get(ConstructorBindingImpl.java:306)
	at com.google.inject.internal.ProviderToInternalFactoryAdapter.get(ProviderToInternalFactoryAdapter.java:40)
	at com.google.inject.internal.SingletonScope$1.get(SingletonScope.java:168)
	at com.google.inject.internal.InternalFactoryToProviderAdapter.get(InternalFactoryToProviderAdapter.java:39)
	at com.google.inject.internal.FactoryProxy.get(FactoryProxy.java:62)
	at com.google.inject.internal.InjectorImpl$1.get(InjectorImpl.java:1050)
	... 34 common frames omitted
2019-05-14 16:42:19,799 [INFO] from application in play-dev-mode-akka.actor.default-dispatcher-7 - Shutting down connection pool.
2019-05-14 16:42:19,901 [INFO] from play.api.db.DefaultDBApi in play-dev-mode-akka.actor.default-dispatcher-7 - Database [default] initialized at jdbc:postgresql://localhost:5432/root?zeroDateTimeBehavior=convertToNull
2019-05-14 16:42:19,901 [INFO] from application in play-dev-mode-akka.actor.default-dispatcher-7 - Creating Pool for datasource 'default'
2019-05-14 16:42:19,903 [INFO] from play.api.db.HikariCPConnectionPool in play-dev-mode-akka.actor.default-dispatcher-7 - datasource [default] bound to JNDI as defaultPersistenceUnit
2019-05-14 16:42:19,928 [ERROR] from application in play-dev-mode-akka.actor.default-dispatcher-7 - 

! @7bp01ck5l - Internal server error, for (GET) [/] ->
 
play.api.UnexpectedException: Unexpected exception[ProvisionException: Unable to provision, see the following errors:

1) Error injecting constructor, javax.persistence.PersistenceException: No Persistence provider for EntityManager named DefaultDS
  at play.db.jpa.DefaultJPAApi$JPAApiProvider.<init>(DefaultJPAApi.java:61)
  at play.db.jpa.DefaultJPAApi$JPAApiProvider.class(DefaultJPAApi.java:46)
  while locating play.db.jpa.DefaultJPAApi$JPAApiProvider
  while locating play.db.jpa.JPAApi
    for the 1st parameter of storage.JPAClientRepository.<init>(JPAClientRepository.java:20)
  while locating storage.JPAClientRepository
  while locating storage.ClientRepository
    for the 2nd parameter of controllers.ClientController.<init>(ClientController.java:24)
  while locating controllers.ClientController
    for the 4th parameter of router.Routes.<init>(Routes.scala:34)
  while locating router.Routes
  while locating play.api.inject.RoutesProvider
  while locating play.api.routing.Router
    for the 3rd parameter of play.api.http.JavaCompatibleHttpRequestHandler.<init>(HttpRequestHandler.scala:305)
  while locating play.api.http.JavaCompatibleHttpRequestHandler
  while locating play.api.http.HttpRequestHandler
    for the 6th parameter of play.api.DefaultApplication.<init>(Application.scala:253)
  at play.api.DefaultApplication.class(Application.scala:252)
  while locating play.api.DefaultApplication
  while locating play.api.Application

1 error]
	at play.core.server.DevServerStart$$anon$1.reload(DevServerStart.scala:214)
	at play.core.server.DevServerStart$$anon$1.get(DevServerStart.scala:144)
	at play.core.server.AkkaHttpServer.handleRequest(AkkaHttpServer.scala:304)
	at play.core.server.AkkaHttpServer.$anonfun$createServerBinding$1(AkkaHttpServer.scala:189)
	at akka.stream.impl.fusing.MapAsync$$anon$30.onPush(Ops.scala:1262)
	at akka.stream.impl.fusing.GraphInterpreter.processPush(GraphInterpreter.scala:523)
	at akka.stream.impl.fusing.GraphInterpreter.execute(GraphInterpreter.scala:409)
	at akka.stream.impl.fusing.GraphInterpreterShell.runBatch(ActorGraphInterpreter.scala:599)
	at akka.stream.impl.fusing.GraphInterpreterShell$AsyncInput.execute(ActorGraphInterpreter.scala:480)
	at akka.stream.impl.fusing.GraphInterpreterShell.processEvent(ActorGraphInterpreter.scala:574)
	at akka.stream.impl.fusing.ActorGraphInterpreter.akka$stream$impl$fusing$ActorGraphInterpreter$$processEvent(ActorGraphInterpreter.scala:742)
	at akka.stream.impl.fusing.ActorGraphInterpreter$$anonfun$receive$1.applyOrElse(ActorGraphInterpreter.scala:757)
	at akka.actor.Actor.aroundReceive(Actor.scala:539)
	at akka.actor.Actor.aroundReceive$(Actor.scala:537)
	at akka.stream.impl.fusing.ActorGraphInterpreter.aroundReceive(ActorGraphInterpreter.scala:664)
	at akka.actor.ActorCell.receiveMessage(ActorCell.scala:610)
	at akka.actor.ActorCell.invoke(ActorCell.scala:579)
	at akka.dispatch.Mailbox.processMailbox(Mailbox.scala:268)
	at akka.dispatch.Mailbox.run(Mailbox.scala:229)
	at akka.dispatch.Mailbox.exec(Mailbox.scala:241)
	at akka.dispatch.forkjoin.ForkJoinTask.doExec(ForkJoinTask.java:260)
	at akka.dispatch.forkjoin.ForkJoinPool$WorkQueue.runTask(ForkJoinPool.java:1339)
	at akka.dispatch.forkjoin.ForkJoinPool.runWorker(ForkJoinPool.java:1979)
	at akka.dispatch.forkjoin.ForkJoinWorkerThread.run(ForkJoinWorkerThread.java:107)
Caused by: com.google.inject.ProvisionException: Unable to provision, see the following errors:

1) Error injecting constructor, javax.persistence.PersistenceException: No Persistence provider for EntityManager named DefaultDS
  at play.db.jpa.DefaultJPAApi$JPAApiProvider.<init>(DefaultJPAApi.java:61)
  at play.db.jpa.DefaultJPAApi$JPAApiProvider.class(DefaultJPAApi.java:46)
  while locating play.db.jpa.DefaultJPAApi$JPAApiProvider
  while locating play.db.jpa.JPAApi
    for the 1st parameter of storage.JPAClientRepository.<init>(JPAClientRepository.java:20)
  while locating storage.JPAClientRepository
  while locating storage.ClientRepository
    for the 2nd parameter of controllers.ClientController.<init>(ClientController.java:24)
  while locating controllers.ClientController
    for the 4th parameter of router.Routes.<init>(Routes.scala:34)
  while locating router.Routes
  while locating play.api.inject.RoutesProvider
  while locating play.api.routing.Router
    for the 3rd parameter of play.api.http.JavaCompatibleHttpRequestHandler.<init>(HttpRequestHandler.scala:305)
  while locating play.api.http.JavaCompatibleHttpRequestHandler
  while locating play.api.http.HttpRequestHandler
    for the 6th parameter of play.api.DefaultApplication.<init>(Application.scala:253)
  at play.api.DefaultApplication.class(Application.scala:252)
  while locating play.api.DefaultApplication
  while locating play.api.Application

1 error
	at com.google.inject.internal.InternalProvisionException.toProvisionException(InternalProvisionException.java:226)
	at com.google.inject.internal.InjectorImpl$1.get(InjectorImpl.java:1053)
	at com.google.inject.internal.InjectorImpl.getInstance(InjectorImpl.java:1086)
	at play.api.inject.guice.GuiceInjector.instanceOf(GuiceInjectorBuilder.scala:443)
	at play.api.inject.guice.GuiceInjector.instanceOf(GuiceInjectorBuilder.scala:438)
	at play.api.inject.ContextClassLoaderInjector.$anonfun$instanceOf$2(Injector.scala:119)
	at play.api.inject.ContextClassLoaderInjector.withContext(Injector.scala:128)
	at play.api.inject.ContextClassLoaderInjector.instanceOf(Injector.scala:119)
	at play.api.inject.guice.GuiceApplicationBuilder.build(GuiceApplicationBuilder.scala:156)
	at play.api.inject.guice.GuiceApplicationLoader.load(GuiceApplicationLoader.scala:22)
	at play.core.server.DevServerStart$$anon$1.$anonfun$reload$3(DevServerStart.scala:193)
	at play.utils.Threads$.withContextClassLoader(Threads.scala:22)
	at play.core.server.DevServerStart$$anon$1.reload(DevServerStart.scala:185)
	... 23 common frames omitted
Caused by: javax.persistence.PersistenceException: No Persistence provider for EntityManager named DefaultDS
	at javax.persistence.Persistence.createEntityManagerFactory(Persistence.java:61)
	at javax.persistence.Persistence.createEntityManagerFactory(Persistence.java:39)
	at play.db.jpa.DefaultJPAApi.lambda$start$0(DefaultJPAApi.java:94)
	at java.base/java.lang.Iterable.forEach(Iterable.java:75)
	at play.db.jpa.DefaultJPAApi.start(DefaultJPAApi.java:90)
	at play.db.jpa.DefaultJPAApi$JPAApiProvider.<init>(DefaultJPAApi.java:72)
	at play.db.jpa.DefaultJPAApi$JPAApiProvider$$FastClassByGuice$$dcd4cdbd.newInstance(<generated>)
	at com.google.inject.internal.DefaultConstructionProxyFactory$FastClassProxy.newInstance(DefaultConstructionProxyFactory.java:89)
	at com.google.inject.internal.ConstructorInjector.provision(ConstructorInjector.java:114)
	at com.google.inject.internal.ConstructorInjector.construct(ConstructorInjector.java:91)
	at com.google.inject.internal.ConstructorBindingImpl$Factory.get(ConstructorBindingImpl.java:306)
	at com.google.inject.internal.ProviderToInternalFactoryAdapter.get(ProviderToInternalFactoryAdapter.java:40)
	at com.google.inject.internal.SingletonScope$1.get(SingletonScope.java:168)
	at com.google.inject.internal.InternalFactoryToProviderAdapter.get(InternalFactoryToProviderAdapter.java:39)
	at com.google.inject.internal.BoundProviderFactory.get(BoundProviderFactory.java:60)
	at com.google.inject.internal.SingleParameterInjector.inject(SingleParameterInjector.java:42)
	at com.google.inject.internal.SingleParameterInjector.getAll(SingleParameterInjector.java:65)
	at com.google.inject.internal.ConstructorInjector.provision(ConstructorInjector.java:113)
	at com.google.inject.internal.ConstructorInjector.construct(ConstructorInjector.java:91)
	at com.google.inject.internal.ConstructorBindingImpl$Factory.get(ConstructorBindingImpl.java:306)
	at com.google.inject.internal.FactoryProxy.get(FactoryProxy.java:62)
	at com.google.inject.internal.SingleParameterInjector.inject(SingleParameterInjector.java:42)
	at com.google.inject.internal.SingleParameterInjector.getAll(SingleParameterInjector.java:65)
	at com.google.inject.internal.ConstructorInjector.provision(ConstructorInjector.java:113)
	at com.google.inject.internal.ConstructorInjector.construct(ConstructorInjector.java:91)
	at com.google.inject.internal.ConstructorBindingImpl$Factory.get(ConstructorBindingImpl.java:306)
	at com.google.inject.internal.SingleParameterInjector.inject(SingleParameterInjector.java:42)
	at com.google.inject.internal.SingleParameterInjector.getAll(SingleParameterInjector.java:65)
	at com.google.inject.internal.ConstructorInjector.provision(ConstructorInjector.java:113)
	at com.google.inject.internal.ConstructorInjector.construct(ConstructorInjector.java:91)
	at com.google.inject.internal.ConstructorBindingImpl$Factory.get(ConstructorBindingImpl.java:306)
	at com.google.inject.internal.InjectorImpl$1.get(InjectorImpl.java:1050)
	at com.google.inject.internal.InjectorImpl.getInstance(InjectorImpl.java:1086)
	at play.api.inject.guice.GuiceInjector.instanceOf(GuiceInjectorBuilder.scala:443)
	at play.api.inject.ContextClassLoaderInjector.$anonfun$instanceOf$3(Injector.scala:120)
	at play.api.inject.ContextClassLoaderInjector.withContext(Injector.scala:128)
	at play.api.inject.ContextClassLoaderInjector.instanceOf(Injector.scala:120)
	at play.api.inject.RoutesProvider.$anonfun$get$2(BuiltinModule.scala:116)
	at scala.Option.fold(Option.scala:175)
	at play.api.inject.RoutesProvider.get$lzycompute(BuiltinModule.scala:116)
	at play.api.inject.RoutesProvider.get(BuiltinModule.scala:111)
	at play.api.inject.RoutesProvider.get(BuiltinModule.scala:105)
	at com.google.inject.internal.ProviderInternalFactory.provision(ProviderInternalFactory.java:85)
	at com.google.inject.internal.BoundProviderFactory.provision(BoundProviderFactory.java:77)
	at com.google.inject.internal.ProviderInternalFactory.circularGet(ProviderInternalFactory.java:59)
	at com.google.inject.internal.BoundProviderFactory.get(BoundProviderFactory.java:61)
	at com.google.inject.internal.SingleParameterInjector.inject(SingleParameterInjector.java:42)
	at com.google.inject.internal.SingleParameterInjector.getAll(SingleParameterInjector.java:65)
	at com.google.inject.internal.ConstructorInjector.provision(ConstructorInjector.java:113)
	at com.google.inject.internal.ConstructorInjector.construct(ConstructorInjector.java:91)
	at com.google.inject.internal.ConstructorBindingImpl$Factory.get(ConstructorBindingImpl.java:306)
	at com.google.inject.internal.FactoryProxy.get(FactoryProxy.java:62)
	at com.google.inject.internal.SingleParameterInjector.inject(SingleParameterInjector.java:42)
	at com.google.inject.internal.SingleParameterInjector.getAll(SingleParameterInjector.java:65)
	at com.google.inject.internal.ConstructorInjector.provision(ConstructorInjector.java:113)
	at com.google.inject.internal.ConstructorInjector.construct(ConstructorInjector.java:91)
	at com.google.inject.internal.ConstructorBindingImpl$Factory.get(ConstructorBindingImpl.java:306)
	at com.google.inject.internal.ProviderToInternalFactoryAdapter.get(ProviderToInternalFactoryAdapter.java:40)
	at com.google.inject.internal.SingletonScope$1.get(SingletonScope.java:168)
	at com.google.inject.internal.InternalFactoryToProviderAdapter.get(InternalFactoryToProviderAdapter.java:39)
	at com.google.inject.internal.FactoryProxy.get(FactoryProxy.java:62)
	at com.google.inject.internal.InjectorImpl$1.get(InjectorImpl.java:1050)
	... 34 common frames omitted
2019-05-14 16:44:51,024 [INFO] from application in play-dev-mode-akka.actor.default-dispatcher-11 - Shutting down connection pool.
2019-05-14 16:44:51,124 [INFO] from play.api.db.DefaultDBApi in play-dev-mode-akka.actor.default-dispatcher-11 - Database [default] initialized at jdbc:postgresql://localhost:5432/root?zeroDateTimeBehavior=convertToNull
2019-05-14 16:44:51,125 [INFO] from application in play-dev-mode-akka.actor.default-dispatcher-11 - Creating Pool for datasource 'default'
2019-05-14 16:44:51,126 [INFO] from play.api.db.HikariCPConnectionPool in play-dev-mode-akka.actor.default-dispatcher-11 - datasource [default] bound to JNDI as defaultPersistenceUnit
2019-05-14 16:44:51,142 [ERROR] from application in play-dev-mode-akka.actor.default-dispatcher-11 - 

! @7bp01l9nk - Internal server error, for (GET) [/] ->
 
play.api.UnexpectedException: Unexpected exception[ProvisionException: Unable to provision, see the following errors:

1) Error injecting constructor, javax.persistence.PersistenceException: No Persistence provider for EntityManager named DefaultDS
  at play.db.jpa.DefaultJPAApi$JPAApiProvider.<init>(DefaultJPAApi.java:61)
  at play.db.jpa.DefaultJPAApi$JPAApiProvider.class(DefaultJPAApi.java:46)
  while locating play.db.jpa.DefaultJPAApi$JPAApiProvider
  while locating play.db.jpa.JPAApi
    for the 1st parameter of storage.JPAClientRepository.<init>(JPAClientRepository.java:20)
  while locating storage.JPAClientRepository
  while locating storage.ClientRepository
    for the 2nd parameter of controllers.ClientController.<init>(ClientController.java:24)
  while locating controllers.ClientController
    for the 4th parameter of router.Routes.<init>(Routes.scala:34)
  while locating router.Routes
  while locating play.api.inject.RoutesProvider
  while locating play.api.routing.Router
    for the 3rd parameter of play.api.http.JavaCompatibleHttpRequestHandler.<init>(HttpRequestHandler.scala:305)
  while locating play.api.http.JavaCompatibleHttpRequestHandler
  while locating play.api.http.HttpRequestHandler
    for the 6th parameter of play.api.DefaultApplication.<init>(Application.scala:253)
  at play.api.DefaultApplication.class(Application.scala:252)
  while locating play.api.DefaultApplication
  while locating play.api.Application

1 error]
	at play.core.server.DevServerStart$$anon$1.reload(DevServerStart.scala:214)
	at play.core.server.DevServerStart$$anon$1.get(DevServerStart.scala:144)
	at play.core.server.AkkaHttpServer.handleRequest(AkkaHttpServer.scala:304)
	at play.core.server.AkkaHttpServer.$anonfun$createServerBinding$1(AkkaHttpServer.scala:189)
	at akka.stream.impl.fusing.MapAsync$$anon$30.onPush(Ops.scala:1262)
	at akka.stream.impl.fusing.GraphInterpreter.processPush(GraphInterpreter.scala:523)
	at akka.stream.impl.fusing.GraphInterpreter.execute(GraphInterpreter.scala:409)
	at akka.stream.impl.fusing.GraphInterpreterShell.runBatch(ActorGraphInterpreter.scala:599)
	at akka.stream.impl.fusing.GraphInterpreterShell$AsyncInput.execute(ActorGraphInterpreter.scala:480)
	at akka.stream.impl.fusing.GraphInterpreterShell.processEvent(ActorGraphInterpreter.scala:574)
	at akka.stream.impl.fusing.ActorGraphInterpreter.akka$stream$impl$fusing$ActorGraphInterpreter$$processEvent(ActorGraphInterpreter.scala:742)
	at akka.stream.impl.fusing.ActorGraphInterpreter$$anonfun$receive$1.applyOrElse(ActorGraphInterpreter.scala:757)
	at akka.actor.Actor.aroundReceive(Actor.scala:539)
	at akka.actor.Actor.aroundReceive$(Actor.scala:537)
	at akka.stream.impl.fusing.ActorGraphInterpreter.aroundReceive(ActorGraphInterpreter.scala:664)
	at akka.actor.ActorCell.receiveMessage(ActorCell.scala:610)
	at akka.actor.ActorCell.invoke(ActorCell.scala:579)
	at akka.dispatch.Mailbox.processMailbox(Mailbox.scala:268)
	at akka.dispatch.Mailbox.run(Mailbox.scala:229)
	at akka.dispatch.Mailbox.exec(Mailbox.scala:241)
	at akka.dispatch.forkjoin.ForkJoinTask.doExec(ForkJoinTask.java:260)
	at akka.dispatch.forkjoin.ForkJoinPool$WorkQueue.runTask(ForkJoinPool.java:1339)
	at akka.dispatch.forkjoin.ForkJoinPool.runWorker(ForkJoinPool.java:1979)
	at akka.dispatch.forkjoin.ForkJoinWorkerThread.run(ForkJoinWorkerThread.java:107)
Caused by: com.google.inject.ProvisionException: Unable to provision, see the following errors:

1) Error injecting constructor, javax.persistence.PersistenceException: No Persistence provider for EntityManager named DefaultDS
  at play.db.jpa.DefaultJPAApi$JPAApiProvider.<init>(DefaultJPAApi.java:61)
  at play.db.jpa.DefaultJPAApi$JPAApiProvider.class(DefaultJPAApi.java:46)
  while locating play.db.jpa.DefaultJPAApi$JPAApiProvider
  while locating play.db.jpa.JPAApi
    for the 1st parameter of storage.JPAClientRepository.<init>(JPAClientRepository.java:20)
  while locating storage.JPAClientRepository
  while locating storage.ClientRepository
    for the 2nd parameter of controllers.ClientController.<init>(ClientController.java:24)
  while locating controllers.ClientController
    for the 4th parameter of router.Routes.<init>(Routes.scala:34)
  while locating router.Routes
  while locating play.api.inject.RoutesProvider
  while locating play.api.routing.Router
    for the 3rd parameter of play.api.http.JavaCompatibleHttpRequestHandler.<init>(HttpRequestHandler.scala:305)
  while locating play.api.http.JavaCompatibleHttpRequestHandler
  while locating play.api.http.HttpRequestHandler
    for the 6th parameter of play.api.DefaultApplication.<init>(Application.scala:253)
  at play.api.DefaultApplication.class(Application.scala:252)
  while locating play.api.DefaultApplication
  while locating play.api.Application

1 error
	at com.google.inject.internal.InternalProvisionException.toProvisionException(InternalProvisionException.java:226)
	at com.google.inject.internal.InjectorImpl$1.get(InjectorImpl.java:1053)
	at com.google.inject.internal.InjectorImpl.getInstance(InjectorImpl.java:1086)
	at play.api.inject.guice.GuiceInjector.instanceOf(GuiceInjectorBuilder.scala:443)
	at play.api.inject.guice.GuiceInjector.instanceOf(GuiceInjectorBuilder.scala:438)
	at play.api.inject.ContextClassLoaderInjector.$anonfun$instanceOf$2(Injector.scala:119)
	at play.api.inject.ContextClassLoaderInjector.withContext(Injector.scala:128)
	at play.api.inject.ContextClassLoaderInjector.instanceOf(Injector.scala:119)
	at play.api.inject.guice.GuiceApplicationBuilder.build(GuiceApplicationBuilder.scala:156)
	at play.api.inject.guice.GuiceApplicationLoader.load(GuiceApplicationLoader.scala:22)
	at play.core.server.DevServerStart$$anon$1.$anonfun$reload$3(DevServerStart.scala:193)
	at play.utils.Threads$.withContextClassLoader(Threads.scala:22)
	at play.core.server.DevServerStart$$anon$1.reload(DevServerStart.scala:185)
	... 23 common frames omitted
Caused by: javax.persistence.PersistenceException: No Persistence provider for EntityManager named DefaultDS
	at javax.persistence.Persistence.createEntityManagerFactory(Persistence.java:61)
	at javax.persistence.Persistence.createEntityManagerFactory(Persistence.java:39)
	at play.db.jpa.DefaultJPAApi.lambda$start$0(DefaultJPAApi.java:94)
	at java.base/java.lang.Iterable.forEach(Iterable.java:75)
	at play.db.jpa.DefaultJPAApi.start(DefaultJPAApi.java:90)
	at play.db.jpa.DefaultJPAApi$JPAApiProvider.<init>(DefaultJPAApi.java:72)
	at play.db.jpa.DefaultJPAApi$JPAApiProvider$$FastClassByGuice$$dcd4cdbd.newInstance(<generated>)
	at com.google.inject.internal.DefaultConstructionProxyFactory$FastClassProxy.newInstance(DefaultConstructionProxyFactory.java:89)
	at com.google.inject.internal.ConstructorInjector.provision(ConstructorInjector.java:114)
	at com.google.inject.internal.ConstructorInjector.construct(ConstructorInjector.java:91)
	at com.google.inject.internal.ConstructorBindingImpl$Factory.get(ConstructorBindingImpl.java:306)
	at com.google.inject.internal.ProviderToInternalFactoryAdapter.get(ProviderToInternalFactoryAdapter.java:40)
	at com.google.inject.internal.SingletonScope$1.get(SingletonScope.java:168)
	at com.google.inject.internal.InternalFactoryToProviderAdapter.get(InternalFactoryToProviderAdapter.java:39)
	at com.google.inject.internal.BoundProviderFactory.get(BoundProviderFactory.java:60)
	at com.google.inject.internal.SingleParameterInjector.inject(SingleParameterInjector.java:42)
	at com.google.inject.internal.SingleParameterInjector.getAll(SingleParameterInjector.java:65)
	at com.google.inject.internal.ConstructorInjector.provision(ConstructorInjector.java:113)
	at com.google.inject.internal.ConstructorInjector.construct(ConstructorInjector.java:91)
	at com.google.inject.internal.ConstructorBindingImpl$Factory.get(ConstructorBindingImpl.java:306)
	at com.google.inject.internal.FactoryProxy.get(FactoryProxy.java:62)
	at com.google.inject.internal.SingleParameterInjector.inject(SingleParameterInjector.java:42)
	at com.google.inject.internal.SingleParameterInjector.getAll(SingleParameterInjector.java:65)
	at com.google.inject.internal.ConstructorInjector.provision(ConstructorInjector.java:113)
	at com.google.inject.internal.ConstructorInjector.construct(ConstructorInjector.java:91)
	at com.google.inject.internal.ConstructorBindingImpl$Factory.get(ConstructorBindingImpl.java:306)
	at com.google.inject.internal.SingleParameterInjector.inject(SingleParameterInjector.java:42)
	at com.google.inject.internal.SingleParameterInjector.getAll(SingleParameterInjector.java:65)
	at com.google.inject.internal.ConstructorInjector.provision(ConstructorInjector.java:113)
	at com.google.inject.internal.ConstructorInjector.construct(ConstructorInjector.java:91)
	at com.google.inject.internal.ConstructorBindingImpl$Factory.get(ConstructorBindingImpl.java:306)
	at com.google.inject.internal.InjectorImpl$1.get(InjectorImpl.java:1050)
	at com.google.inject.internal.InjectorImpl.getInstance(InjectorImpl.java:1086)
	at play.api.inject.guice.GuiceInjector.instanceOf(GuiceInjectorBuilder.scala:443)
	at play.api.inject.ContextClassLoaderInjector.$anonfun$instanceOf$3(Injector.scala:120)
	at play.api.inject.ContextClassLoaderInjector.withContext(Injector.scala:128)
	at play.api.inject.ContextClassLoaderInjector.instanceOf(Injector.scala:120)
	at play.api.inject.RoutesProvider.$anonfun$get$2(BuiltinModule.scala:116)
	at scala.Option.fold(Option.scala:175)
	at play.api.inject.RoutesProvider.get$lzycompute(BuiltinModule.scala:116)
	at play.api.inject.RoutesProvider.get(BuiltinModule.scala:111)
	at play.api.inject.RoutesProvider.get(BuiltinModule.scala:105)
	at com.google.inject.internal.ProviderInternalFactory.provision(ProviderInternalFactory.java:85)
	at com.google.inject.internal.BoundProviderFactory.provision(BoundProviderFactory.java:77)
	at com.google.inject.internal.ProviderInternalFactory.circularGet(ProviderInternalFactory.java:59)
	at com.google.inject.internal.BoundProviderFactory.get(BoundProviderFactory.java:61)
	at com.google.inject.internal.SingleParameterInjector.inject(SingleParameterInjector.java:42)
	at com.google.inject.internal.SingleParameterInjector.getAll(SingleParameterInjector.java:65)
	at com.google.inject.internal.ConstructorInjector.provision(ConstructorInjector.java:113)
	at com.google.inject.internal.ConstructorInjector.construct(ConstructorInjector.java:91)
	at com.google.inject.internal.ConstructorBindingImpl$Factory.get(ConstructorBindingImpl.java:306)
	at com.google.inject.internal.FactoryProxy.get(FactoryProxy.java:62)
	at com.google.inject.internal.SingleParameterInjector.inject(SingleParameterInjector.java:42)
	at com.google.inject.internal.SingleParameterInjector.getAll(SingleParameterInjector.java:65)
	at com.google.inject.internal.ConstructorInjector.provision(ConstructorInjector.java:113)
	at com.google.inject.internal.ConstructorInjector.construct(ConstructorInjector.java:91)
	at com.google.inject.internal.ConstructorBindingImpl$Factory.get(ConstructorBindingImpl.java:306)
	at com.google.inject.internal.ProviderToInternalFactoryAdapter.get(ProviderToInternalFactoryAdapter.java:40)
	at com.google.inject.internal.SingletonScope$1.get(SingletonScope.java:168)
	at com.google.inject.internal.InternalFactoryToProviderAdapter.get(InternalFactoryToProviderAdapter.java:39)
	at com.google.inject.internal.FactoryProxy.get(FactoryProxy.java:62)
	at com.google.inject.internal.InjectorImpl$1.get(InjectorImpl.java:1050)
	... 34 common frames omitted
2019-05-14 16:50:20,687 [INFO] from play.core.server.AkkaHttpServer in play-dev-mode-shutdown-hook-1 - Stopping server...
2019-05-14 16:50:20,718 [WARN] from akka.actor.CoordinatedShutdown in play-dev-mode-akka.actor.default-dispatcher-12 - Task [shutdown-application-dev-mode] failed in phase [service-stop]: Unexpected exception[ProvisionException: Unable to provision, see the following errors:

1) Error injecting constructor, javax.persistence.PersistenceException: No Persistence provider for EntityManager named DefaultDS
  at play.db.jpa.DefaultJPAApi$JPAApiProvider.<init>(DefaultJPAApi.java:61)
  at play.db.jpa.DefaultJPAApi$JPAApiProvider.class(DefaultJPAApi.java:46)
  while locating play.db.jpa.DefaultJPAApi$JPAApiProvider
  while locating play.db.jpa.JPAApi
    for the 1st parameter of storage.JPAClientRepository.<init>(JPAClientRepository.java:20)
  while locating storage.JPAClientRepository
  while locating storage.ClientRepository
    for the 2nd parameter of controllers.ClientController.<init>(ClientController.java:24)
  while locating controllers.ClientController
    for the 4th parameter of router.Routes.<init>(Routes.scala:34)
  while locating router.Routes
  while locating play.api.inject.RoutesProvider
  while locating play.api.routing.Router
    for the 3rd parameter of play.api.http.JavaCompatibleHttpRequestHandler.<init>(HttpRequestHandler.scala:305)
  while locating play.api.http.JavaCompatibleHttpRequestHandler
  while locating play.api.http.HttpRequestHandler
    for the 6th parameter of play.api.DefaultApplication.<init>(Application.scala:253)
  at play.api.DefaultApplication.class(Application.scala:252)
  while locating play.api.DefaultApplication
  while locating play.api.Application

1 error]
